30/05/2012 - 17:27:27 [org.springframework.context.annotation.AnnotationConfigApplicationContext] INFO - Refreshing org.springframework.context.annotation.AnnotationConfigApplicationContext@16a4e743: startup date [Wed May 30 17:27:27 BRT 2012]; root of context hierarchy
 30/05/2012 - 17:27:28 [org.springframework.beans.factory.support.DefaultListableBeanFactory] INFO - Pre-instantiating singletons in org.springframework.beans.factory.support.DefaultListableBeanFactory@2c79a2e7: defining beans [org.springframework.context.annotation.internalConfigurationAnnotationProcessor,org.springframework.context.annotation.internalAutowiredAnnotationProcessor,org.springframework.context.annotation.internalRequiredAnnotationProcessor,org.springframework.context.annotation.internalCommonAnnotationProcessor,activityManagerContext,validator,propertyPlaceholderConfigurer,presenceValidator,aapgUserValidator,resourceTypeValidator,embebbedValidator,hBaseConfiguration,hTablePool,hbaseFactoryTable,hBaseModelBuilder,hBaseTableServides,recordHBase]; root of factory hierarchy
 30/05/2012 - 17:27:29 [org.apache.zookeeper.ZooKeeper] INFO - Client environment:zookeeper.version=3.3.2-1031432, built on 11/05/2010 05:32 GMT
 30/05/2012 - 17:27:29 [org.apache.zookeeper.ZooKeeper] INFO - Client environment:host.name=10.170.80.220
 30/05/2012 - 17:27:29 [org.apache.zookeeper.ZooKeeper] INFO - Client environment:java.version=1.6.0_26
 30/05/2012 - 17:27:29 [org.apache.zookeeper.ZooKeeper] INFO - Client environment:java.vendor=Apple Inc.
 30/05/2012 - 17:27:29 [org.apache.zookeeper.ZooKeeper] INFO - Client environment:java.home=/System/Library/Java/JavaVirtualMachines/1.6.0.jdk/Contents/Home
 30/05/2012 - 17:27:29 [org.apache.zookeeper.ZooKeeper] INFO - Client environment:java.class.path=/Users/terto/Development/Workspace/hbase-book/socialcore/target/classes:/Users/terto/Development/Workspace/commons-activitymanager/target/classes:/Users/terto/.m2/repository/commons-lang/commons-lang/2.5/commons-lang-2.5.jar:/Users/terto/.m2/repository/junit/junit/4.9/junit-4.9.jar:/Users/terto/.m2/repository/org/hamcrest/hamcrest-core/1.1/hamcrest-core-1.1.jar:/Users/terto/.m2/repository/org/jyaml/jyaml/1.3/jyaml-1.3.jar:/Users/terto/.m2/repository/org/springframework/spring-core/3.0.6.RELEASE/spring-core-3.0.6.RELEASE.jar:/Users/terto/.m2/repository/org/springframework/spring-asm/3.0.6.RELEASE/spring-asm-3.0.6.RELEASE.jar:/Users/terto/.m2/repository/commons-logging/commons-logging/1.1.1/commons-logging-1.1.1.jar:/Users/terto/.m2/repository/org/springframework/spring-context/3.0.6.RELEASE/spring-context-3.0.6.RELEASE.jar:/Users/terto/.m2/repository/org/springframework/spring-aop/3.0.6.RELEASE/spring-aop-3.0.6.RELEASE.jar:/Users/terto/.m2/repository/aopalliance/aopalliance/1.0/aopalliance-1.0.jar:/Users/terto/.m2/repository/org/springframework/spring-beans/3.0.6.RELEASE/spring-beans-3.0.6.RELEASE.jar:/Users/terto/.m2/repository/org/springframework/spring-expression/3.0.6.RELEASE/spring-expression-3.0.6.RELEASE.jar:/Users/terto/.m2/repository/cglib/cglib/2.2.2/cglib-2.2.2.jar:/Users/terto/.m2/repository/asm/asm/3.3.1/asm-3.3.1.jar:/Users/terto/.m2/repository/org/apache/hbase/hbase/0.90.4/hbase-0.90.4.jar:/Users/terto/.m2/repository/com/google/guava/guava/r06/guava-r06.jar:/Users/terto/.m2/repository/commons-cli/commons-cli/1.2/commons-cli-1.2.jar:/Users/terto/.m2/repository/commons-codec/commons-codec/1.4/commons-codec-1.4.jar:/Users/terto/.m2/repository/commons-httpclient/commons-httpclient/3.1/commons-httpclient-3.1.jar:/Users/terto/.m2/repository/log4j/log4j/1.2.16/log4j-1.2.16.jar:/Users/terto/.m2/repository/org/apache/hadoop/avro/1.3.3/avro-1.3.3.jar:/Users/terto/.m2/repository/org/codehaus/jackson/jackson-mapper-asl/1.4.2/jackson-mapper-asl-1.4.2.jar:/Users/terto/.m2/repository/org/apache/hadoop/hadoop-core/0.20-append-r1056497/hadoop-core-0.20-append-r1056497.jar:/Users/terto/.m2/repository/xmlenc/xmlenc/0.52/xmlenc-0.52.jar:/Users/terto/.m2/repository/commons-net/commons-net/1.4.1/commons-net-1.4.1.jar:/Users/terto/.m2/repository/commons-el/commons-el/1.0/commons-el-1.0.jar:/Users/terto/.m2/repository/org/apache/zookeeper/zookeeper/3.3.2/zookeeper-3.3.2.jar:/Users/terto/.m2/repository/org/apache/thrift/thrift/0.2.0/thrift-0.2.0.jar:/Users/terto/.m2/repository/org/jruby/jruby-complete/1.6.0/jruby-complete-1.6.0.jar:/Users/terto/.m2/repository/org/mortbay/jetty/jetty/6.1.26/jetty-6.1.26.jar:/Users/terto/.m2/repository/org/mortbay/jetty/jetty-util/6.1.26/jetty-util-6.1.26.jar:/Users/terto/.m2/repository/org/mortbay/jetty/jsp-2.1/6.1.14/jsp-2.1-6.1.14.jar:/Users/terto/.m2/repository/org/mortbay/jetty/jsp-api-2.1/6.1.14/jsp-api-2.1-6.1.14.jar:/Users/terto/.m2/repository/org/mortbay/jetty/servlet-api-2.5/6.1.14/servlet-api-2.5-6.1.14.jar:/Users/terto/.m2/repository/org/slf4j/slf4j-api/1.5.8/slf4j-api-1.5.8.jar:/Users/terto/.m2/repository/org/slf4j/slf4j-log4j12/1.5.8/slf4j-log4j12-1.5.8.jar:/Users/terto/.m2/repository/tomcat/jasper-compiler/5.5.23/jasper-compiler-5.5.23.jar:/Users/terto/.m2/repository/tomcat/jasper-runtime/5.5.23/jasper-runtime-5.5.23.jar:/Users/terto/.m2/repository/com/google/protobuf/protobuf-java/2.3.0/protobuf-java-2.3.0.jar:/Users/terto/.m2/repository/com/sun/jersey/jersey-core/1.4/jersey-core-1.4.jar:/Users/terto/.m2/repository/com/sun/jersey/jersey-json/1.4/jersey-json-1.4.jar:/Users/terto/.m2/repository/org/codehaus/jettison/jettison/1.1/jettison-1.1.jar:/Users/terto/.m2/repository/com/sun/xml/bind/jaxb-impl/2.1.12/jaxb-impl-2.1.12.jar:/Users/terto/.m2/repository/org/codehaus/jackson/jackson-core-asl/1.5.5/jackson-core-asl-1.5.5.jar:/Users/terto/.m2/repository/org/codehaus/jackson/jackson-jaxrs/1.5.5/jackson-jaxrs-1.5.5.jar:/Users/terto/.m2/repository/org/codehaus/jackson/jackson-xc/1.5.5/jackson-xc-1.5.5.jar:/Users/terto/.m2/repository/com/sun/jersey/jersey-server/1.4/jersey-server-1.4.jar:/Users/terto/.m2/repository/javax/ws/rs/jsr311-api/1.1.1/jsr311-api-1.1.1.jar:/Users/terto/.m2/repository/javax/xml/bind/jaxb-api/2.1/jaxb-api-2.1.jar:/Users/terto/.m2/repository/javax/activation/activation/1.1/activation-1.1.jar:/Users/terto/.m2/repository/stax/stax-api/1.0.1/stax-api-1.0.1.jar:/Users/terto/.m2/repository/socialcore/commons-resources/0.2.12/commons-resources-0.2.12.jar:/Users/terto/.m2/repository/com/ning/async-http-client/1.6.5/async-http-client-1.6.5.jar:/Users/terto/.m2/repository/org/jboss/netty/netty/3.2.5.Final/netty-3.2.5.Final.jar:/Users/terto/.m2/repository/com/google/code/gson/gson/1.7.1/gson-1.7.1.jar:/Users/terto/.m2/repository/com/newrelic/newrelic/2.3.1/newrelic-2.3.1.jar
 30/05/2012 - 17:27:29 [org.apache.zookeeper.ZooKeeper] INFO - Client environment:java.library.path=.:/Library/Java/Extensions:/System/Library/Java/Extensions:/usr/lib/java
 30/05/2012 - 17:27:29 [org.apache.zookeeper.ZooKeeper] INFO - Client environment:java.io.tmpdir=/var/folders/YA/YAWJr1PwEMW4knTt-3k7u++++TQ/-Tmp-/
 30/05/2012 - 17:27:29 [org.apache.zookeeper.ZooKeeper] INFO - Client environment:java.compiler=<NA>
 30/05/2012 - 17:27:29 [org.apache.zookeeper.ZooKeeper] INFO - Client environment:os.name=Mac OS X
 30/05/2012 - 17:27:29 [org.apache.zookeeper.ZooKeeper] INFO - Client environment:os.arch=x86_64
 30/05/2012 - 17:27:29 [org.apache.zookeeper.ZooKeeper] INFO - Client environment:os.version=10.6.8
 30/05/2012 - 17:27:29 [org.apache.zookeeper.ZooKeeper] INFO - Client environment:user.name=terto
 30/05/2012 - 17:27:29 [org.apache.zookeeper.ZooKeeper] INFO - Client environment:user.home=/Users/terto
 30/05/2012 - 17:27:29 [org.apache.zookeeper.ZooKeeper] INFO - Client environment:user.dir=/Users/terto/Development/Workspace/hbase-book/socialcore
 30/05/2012 - 17:27:29 [org.apache.zookeeper.ZooKeeper] INFO - Initiating client connection, connectString=localhost:2181 sessionTimeout=180000 watcher=hconnection
 30/05/2012 - 17:27:29 [org.apache.zookeeper.ClientCnxn] INFO - Opening socket connection to server localhost/fe80:0:0:0:0:0:0:1%1:2181
 30/05/2012 - 17:27:29 [org.apache.zookeeper.ClientCnxn] WARN - Session 0x0 for server null, unexpected error, closing socket connection and attempting reconnect
 java.net.ConnectException: Connection refused
	at sun.nio.ch.SocketChannelImpl.checkConnect(Native Method)
	at sun.nio.ch.SocketChannelImpl.finishConnect(SocketChannelImpl.java:567)
	at org.apache.zookeeper.ClientCnxn$SendThread.run(ClientCnxn.java:1119)
30/05/2012 - 17:27:30 [org.apache.zookeeper.ClientCnxn] INFO - Opening socket connection to server localhost/0:0:0:0:0:0:0:1:2181
 30/05/2012 - 17:27:30 [org.apache.zookeeper.ClientCnxn] WARN - Session 0x0 for server null, unexpected error, closing socket connection and attempting reconnect
 java.net.ConnectException: Connection refused
	at sun.nio.ch.SocketChannelImpl.checkConnect(Native Method)
	at sun.nio.ch.SocketChannelImpl.finishConnect(SocketChannelImpl.java:567)
	at org.apache.zookeeper.ClientCnxn$SendThread.run(ClientCnxn.java:1119)
30/05/2012 - 17:27:30 [org.apache.zookeeper.ClientCnxn] INFO - Opening socket connection to server localhost/127.0.0.1:2181
 30/05/2012 - 17:27:30 [org.apache.zookeeper.ClientCnxn] WARN - Session 0x0 for server null, unexpected error, closing socket connection and attempting reconnect
 java.net.ConnectException: Connection refused
	at sun.nio.ch.SocketChannelImpl.checkConnect(Native Method)
	at sun.nio.ch.SocketChannelImpl.finishConnect(SocketChannelImpl.java:567)
	at org.apache.zookeeper.ClientCnxn$SendThread.run(ClientCnxn.java:1119)
30/05/2012 - 17:27:32 [org.apache.zookeeper.ClientCnxn] INFO - Opening socket connection to server localhost/fe80:0:0:0:0:0:0:1%1:2181
 30/05/2012 - 17:27:32 [org.apache.zookeeper.ClientCnxn] WARN - Session 0x0 for server null, unexpected error, closing socket connection and attempting reconnect
 java.net.ConnectException: Connection refused
	at sun.nio.ch.SocketChannelImpl.checkConnect(Native Method)
	at sun.nio.ch.SocketChannelImpl.finishConnect(SocketChannelImpl.java:567)
	at org.apache.zookeeper.ClientCnxn$SendThread.run(ClientCnxn.java:1119)
30/05/2012 - 17:27:32 [org.apache.zookeeper.ClientCnxn] INFO - Opening socket connection to server localhost/0:0:0:0:0:0:0:1:2181
 30/05/2012 - 17:27:32 [org.apache.zookeeper.ClientCnxn] WARN - Session 0x0 for server null, unexpected error, closing socket connection and attempting reconnect
 java.net.ConnectException: Connection refused
	at sun.nio.ch.SocketChannelImpl.checkConnect(Native Method)
	at sun.nio.ch.SocketChannelImpl.finishConnect(SocketChannelImpl.java:567)
	at org.apache.zookeeper.ClientCnxn$SendThread.run(ClientCnxn.java:1119)
30/05/2012 - 17:27:33 [org.apache.zookeeper.ClientCnxn] INFO - Opening socket connection to server localhost/127.0.0.1:2181
 30/05/2012 - 17:27:33 [org.apache.zookeeper.ClientCnxn] WARN - Session 0x0 for server null, unexpected error, closing socket connection and attempting reconnect
 java.net.ConnectException: Connection refused
	at sun.nio.ch.SocketChannelImpl.checkConnect(Native Method)
	at sun.nio.ch.SocketChannelImpl.finishConnect(SocketChannelImpl.java:567)
	at org.apache.zookeeper.ClientCnxn$SendThread.run(ClientCnxn.java:1119)
30/05/2012 - 17:27:35 [org.apache.zookeeper.ClientCnxn] INFO - Opening socket connection to server localhost/fe80:0:0:0:0:0:0:1%1:2181
 30/05/2012 - 17:27:35 [org.apache.zookeeper.ClientCnxn] WARN - Session 0x0 for server null, unexpected error, closing socket connection and attempting reconnect
 java.net.ConnectException: Connection refused
	at sun.nio.ch.SocketChannelImpl.checkConnect(Native Method)
	at sun.nio.ch.SocketChannelImpl.finishConnect(SocketChannelImpl.java:567)
	at org.apache.zookeeper.ClientCnxn$SendThread.run(ClientCnxn.java:1119)
30/05/2012 - 17:27:36 [org.apache.zookeeper.ClientCnxn] INFO - Opening socket connection to server localhost/0:0:0:0:0:0:0:1:2181
 30/05/2012 - 17:27:36 [org.apache.zookeeper.ClientCnxn] WARN - Session 0x0 for server null, unexpected error, closing socket connection and attempting reconnect
 java.net.ConnectException: Connection refused
	at sun.nio.ch.SocketChannelImpl.checkConnect(Native Method)
	at sun.nio.ch.SocketChannelImpl.finishConnect(SocketChannelImpl.java:567)
	at org.apache.zookeeper.ClientCnxn$SendThread.run(ClientCnxn.java:1119)
30/05/2012 - 17:27:36 [org.apache.zookeeper.ClientCnxn] INFO - Opening socket connection to server localhost/127.0.0.1:2181
 30/05/2012 - 17:27:36 [org.apache.zookeeper.ClientCnxn] WARN - Session 0x0 for server null, unexpected error, closing socket connection and attempting reconnect
 java.net.ConnectException: Connection refused
	at sun.nio.ch.SocketChannelImpl.checkConnect(Native Method)
	at sun.nio.ch.SocketChannelImpl.finishConnect(SocketChannelImpl.java:567)
	at org.apache.zookeeper.ClientCnxn$SendThread.run(ClientCnxn.java:1119)
30/05/2012 - 17:27:38 [org.apache.zookeeper.ClientCnxn] INFO - Opening socket connection to server localhost/fe80:0:0:0:0:0:0:1%1:2181
 30/05/2012 - 17:27:38 [org.apache.zookeeper.ClientCnxn] WARN - Session 0x0 for server null, unexpected error, closing socket connection and attempting reconnect
 java.net.ConnectException: Connection refused
	at sun.nio.ch.SocketChannelImpl.checkConnect(Native Method)
	at sun.nio.ch.SocketChannelImpl.finishConnect(SocketChannelImpl.java:567)
	at org.apache.zookeeper.ClientCnxn$SendThread.run(ClientCnxn.java:1119)
30/05/2012 - 17:27:39 [org.apache.zookeeper.ClientCnxn] INFO - Opening socket connection to server localhost/0:0:0:0:0:0:0:1:2181
 30/05/2012 - 17:27:39 [org.apache.zookeeper.ClientCnxn] WARN - Session 0x0 for server null, unexpected error, closing socket connection and attempting reconnect
 java.net.ConnectException: Connection refused
	at sun.nio.ch.SocketChannelImpl.checkConnect(Native Method)
	at sun.nio.ch.SocketChannelImpl.finishConnect(SocketChannelImpl.java:567)
	at org.apache.zookeeper.ClientCnxn$SendThread.run(ClientCnxn.java:1119)
30/05/2012 - 17:27:40 [org.apache.zookeeper.ClientCnxn] INFO - Opening socket connection to server localhost/127.0.0.1:2181
 30/05/2012 - 17:27:40 [org.apache.zookeeper.ZooKeeper] INFO - Session: 0x0 closed
 30/05/2012 - 17:27:40 [org.apache.zookeeper.ClientCnxn] INFO - EventThread shut down
 30/05/2012 - 17:27:40 [socialcore.activitymanager.db.hbase.PersistenceHBaseImpl] ERROR - {"mensagem":"Erro ao salvar registro no HBase","objeto":"Atividade(id\u003d00000000000000000100-00000000000000000001-comentar-09089531070823780160-636644, tipo\u003dcomentar, usuario\u003d100, app\u003d1, status\u003dSAVED, createdAt\u003d1338409646529, Resultado(tipo\u003dcomentario, camposFlexiveis\u003d{id\u003dhttp://anotations.api.abril.com.br/comentarios/45, descricao\u003dMensagem default}), Objeto(tipo\u003dmateria, camposFlexiveis\u003d{id\u003dhttp://vejasp.abril.com.br/cinema/cinema-na-mesa-menu-cinesesc, descricao\u003dmateria sobre o cine sesc})","causa":{"cause":"org.apache.hadoop.hbase.ZooKeeperConnectionException: HBase is able to connect to ZooKeeper but the connection closes immediately. This could be a sign that the server has too many connections (30 is the default). Consider inspecting your ZK server logs for that error and then make sure you are reusing HBaseConfiguration as often as you can. See HTable\u0027s javadoc for more information.","message":"org.apache.hadoop.hbase.ZooKeeperConnectionException: HBase is able to connect to ZooKeeper but the connection closes immediately. This could be a sign that the server has too many connections (30 is the default). Consider inspecting your ZK server logs for that error and then make sure you are reusing HBaseConfiguration as often as you can. See HTable\u0027s javadoc for more information."},"erros":{}}
 java.lang.RuntimeException: org.apache.hadoop.hbase.ZooKeeperConnectionException: HBase is able to connect to ZooKeeper but the connection closes immediately. This could be a sign that the server has too many connections (30 is the default). Consider inspecting your ZK server logs for that error and then make sure you are reusing HBaseConfiguration as often as you can. See HTable's javadoc for more information.
	at org.apache.hadoop.hbase.client.HTableFactory.createHTableInterface(HTableFactory.java:38)
	at org.apache.hadoop.hbase.client.HTablePool.createHTable(HTablePool.java:133)
	at org.apache.hadoop.hbase.client.HTablePool.getTable(HTablePool.java:89)
	at socialcore.activitymanager.db.hbase.HBaseFactoryTable.getTable(HBaseFactoryTable.java:24)
	at socialcore.activitymanager.db.hbase.HBaseFactoryTable.getTable(HBaseFactoryTable.java:35)
	at socialcore.activitymanager.db.hbase.HBaseTableServices.getTable(HBaseTableServices.java:11)
	at socialcore.activitymanager.db.hbase.PersistenceHBaseImpl.save(PersistenceHBaseImpl.java:75)
	at socialcore.activitymanager.db.RecordBase.save(RecordBase.java:184)
	at socialcore.activitymanager.model.Atividade.save(Atividade.java:204)
	at util.AtividadeBuilder.main(AtividadeBuilder.java:93)
Caused by: org.apache.hadoop.hbase.ZooKeeperConnectionException: HBase is able to connect to ZooKeeper but the connection closes immediately. This could be a sign that the server has too many connections (30 is the default). Consider inspecting your ZK server logs for that error and then make sure you are reusing HBaseConfiguration as often as you can. See HTable's javadoc for more information.
	at org.apache.hadoop.hbase.zookeeper.ZooKeeperWatcher.<init>(ZooKeeperWatcher.java:155)
	at org.apache.hadoop.hbase.client.HConnectionManager$HConnectionImplementation.getZooKeeperWatcher(HConnectionManager.java:1002)
	at org.apache.hadoop.hbase.client.HConnectionManager$HConnectionImplementation.setupZookeeperTrackers(HConnectionManager.java:304)
	at org.apache.hadoop.hbase.client.HConnectionManager$HConnectionImplementation.<init>(HConnectionManager.java:295)
	at org.apache.hadoop.hbase.client.HConnectionManager.getConnection(HConnectionManager.java:157)
	at org.apache.hadoop.hbase.client.HTable.<init>(HTable.java:169)
	at org.apache.hadoop.hbase.client.HTableFactory.createHTableInterface(HTableFactory.java:36)
	... 9 more
Caused by: org.apache.zookeeper.KeeperException$ConnectionLossException: KeeperErrorCode = ConnectionLoss for /hbase
	at org.apache.zookeeper.KeeperException.create(KeeperException.java:90)
	at org.apache.zookeeper.KeeperException.create(KeeperException.java:42)
	at org.apache.zookeeper.ZooKeeper.exists(ZooKeeper.java:809)
	at org.apache.zookeeper.ZooKeeper.exists(ZooKeeper.java:837)
	at org.apache.hadoop.hbase.zookeeper.ZKUtil.createAndFailSilent(ZKUtil.java:903)
	at org.apache.hadoop.hbase.zookeeper.ZooKeeperWatcher.<init>(ZooKeeperWatcher.java:133)
	... 15 more
30/05/2012 - 17:28:13 [org.springframework.context.annotation.AnnotationConfigApplicationContext] INFO - Refreshing org.springframework.context.annotation.AnnotationConfigApplicationContext@16a4e743: startup date [Wed May 30 17:28:13 BRT 2012]; root of context hierarchy
 30/05/2012 - 17:28:13 [org.springframework.beans.factory.support.DefaultListableBeanFactory] INFO - Pre-instantiating singletons in org.springframework.beans.factory.support.DefaultListableBeanFactory@2c79a2e7: defining beans [org.springframework.context.annotation.internalConfigurationAnnotationProcessor,org.springframework.context.annotation.internalAutowiredAnnotationProcessor,org.springframework.context.annotation.internalRequiredAnnotationProcessor,org.springframework.context.annotation.internalCommonAnnotationProcessor,activityManagerContext,validator,propertyPlaceholderConfigurer,presenceValidator,aapgUserValidator,resourceTypeValidator,embebbedValidator,hBaseConfiguration,hTablePool,hbaseFactoryTable,hBaseModelBuilder,hBaseTableServides,recordHBase]; root of factory hierarchy
 30/05/2012 - 17:28:14 [org.apache.zookeeper.ZooKeeper] INFO - Client environment:zookeeper.version=3.3.2-1031432, built on 11/05/2010 05:32 GMT
 30/05/2012 - 17:28:14 [org.apache.zookeeper.ZooKeeper] INFO - Client environment:host.name=10.170.80.220
 30/05/2012 - 17:28:14 [org.apache.zookeeper.ZooKeeper] INFO - Client environment:java.version=1.6.0_26
 30/05/2012 - 17:28:14 [org.apache.zookeeper.ZooKeeper] INFO - Client environment:java.vendor=Apple Inc.
 30/05/2012 - 17:28:14 [org.apache.zookeeper.ZooKeeper] INFO - Client environment:java.home=/System/Library/Java/JavaVirtualMachines/1.6.0.jdk/Contents/Home
 30/05/2012 - 17:28:14 [org.apache.zookeeper.ZooKeeper] INFO - Client environment:java.class.path=/Users/terto/Development/Workspace/hbase-book/socialcore/target/classes:/Users/terto/Development/Workspace/commons-activitymanager/target/classes:/Users/terto/.m2/repository/commons-lang/commons-lang/2.5/commons-lang-2.5.jar:/Users/terto/.m2/repository/junit/junit/4.9/junit-4.9.jar:/Users/terto/.m2/repository/org/hamcrest/hamcrest-core/1.1/hamcrest-core-1.1.jar:/Users/terto/.m2/repository/org/jyaml/jyaml/1.3/jyaml-1.3.jar:/Users/terto/.m2/repository/org/springframework/spring-core/3.0.6.RELEASE/spring-core-3.0.6.RELEASE.jar:/Users/terto/.m2/repository/org/springframework/spring-asm/3.0.6.RELEASE/spring-asm-3.0.6.RELEASE.jar:/Users/terto/.m2/repository/commons-logging/commons-logging/1.1.1/commons-logging-1.1.1.jar:/Users/terto/.m2/repository/org/springframework/spring-context/3.0.6.RELEASE/spring-context-3.0.6.RELEASE.jar:/Users/terto/.m2/repository/org/springframework/spring-aop/3.0.6.RELEASE/spring-aop-3.0.6.RELEASE.jar:/Users/terto/.m2/repository/aopalliance/aopalliance/1.0/aopalliance-1.0.jar:/Users/terto/.m2/repository/org/springframework/spring-beans/3.0.6.RELEASE/spring-beans-3.0.6.RELEASE.jar:/Users/terto/.m2/repository/org/springframework/spring-expression/3.0.6.RELEASE/spring-expression-3.0.6.RELEASE.jar:/Users/terto/.m2/repository/cglib/cglib/2.2.2/cglib-2.2.2.jar:/Users/terto/.m2/repository/asm/asm/3.3.1/asm-3.3.1.jar:/Users/terto/.m2/repository/org/apache/hbase/hbase/0.90.4/hbase-0.90.4.jar:/Users/terto/.m2/repository/com/google/guava/guava/r06/guava-r06.jar:/Users/terto/.m2/repository/commons-cli/commons-cli/1.2/commons-cli-1.2.jar:/Users/terto/.m2/repository/commons-codec/commons-codec/1.4/commons-codec-1.4.jar:/Users/terto/.m2/repository/commons-httpclient/commons-httpclient/3.1/commons-httpclient-3.1.jar:/Users/terto/.m2/repository/log4j/log4j/1.2.16/log4j-1.2.16.jar:/Users/terto/.m2/repository/org/apache/hadoop/avro/1.3.3/avro-1.3.3.jar:/Users/terto/.m2/repository/org/codehaus/jackson/jackson-mapper-asl/1.4.2/jackson-mapper-asl-1.4.2.jar:/Users/terto/.m2/repository/org/apache/hadoop/hadoop-core/0.20-append-r1056497/hadoop-core-0.20-append-r1056497.jar:/Users/terto/.m2/repository/xmlenc/xmlenc/0.52/xmlenc-0.52.jar:/Users/terto/.m2/repository/commons-net/commons-net/1.4.1/commons-net-1.4.1.jar:/Users/terto/.m2/repository/commons-el/commons-el/1.0/commons-el-1.0.jar:/Users/terto/.m2/repository/org/apache/zookeeper/zookeeper/3.3.2/zookeeper-3.3.2.jar:/Users/terto/.m2/repository/org/apache/thrift/thrift/0.2.0/thrift-0.2.0.jar:/Users/terto/.m2/repository/org/jruby/jruby-complete/1.6.0/jruby-complete-1.6.0.jar:/Users/terto/.m2/repository/org/mortbay/jetty/jetty/6.1.26/jetty-6.1.26.jar:/Users/terto/.m2/repository/org/mortbay/jetty/jetty-util/6.1.26/jetty-util-6.1.26.jar:/Users/terto/.m2/repository/org/mortbay/jetty/jsp-2.1/6.1.14/jsp-2.1-6.1.14.jar:/Users/terto/.m2/repository/org/mortbay/jetty/jsp-api-2.1/6.1.14/jsp-api-2.1-6.1.14.jar:/Users/terto/.m2/repository/org/mortbay/jetty/servlet-api-2.5/6.1.14/servlet-api-2.5-6.1.14.jar:/Users/terto/.m2/repository/org/slf4j/slf4j-api/1.5.8/slf4j-api-1.5.8.jar:/Users/terto/.m2/repository/org/slf4j/slf4j-log4j12/1.5.8/slf4j-log4j12-1.5.8.jar:/Users/terto/.m2/repository/tomcat/jasper-compiler/5.5.23/jasper-compiler-5.5.23.jar:/Users/terto/.m2/repository/tomcat/jasper-runtime/5.5.23/jasper-runtime-5.5.23.jar:/Users/terto/.m2/repository/com/google/protobuf/protobuf-java/2.3.0/protobuf-java-2.3.0.jar:/Users/terto/.m2/repository/com/sun/jersey/jersey-core/1.4/jersey-core-1.4.jar:/Users/terto/.m2/repository/com/sun/jersey/jersey-json/1.4/jersey-json-1.4.jar:/Users/terto/.m2/repository/org/codehaus/jettison/jettison/1.1/jettison-1.1.jar:/Users/terto/.m2/repository/com/sun/xml/bind/jaxb-impl/2.1.12/jaxb-impl-2.1.12.jar:/Users/terto/.m2/repository/org/codehaus/jackson/jackson-core-asl/1.5.5/jackson-core-asl-1.5.5.jar:/Users/terto/.m2/repository/org/codehaus/jackson/jackson-jaxrs/1.5.5/jackson-jaxrs-1.5.5.jar:/Users/terto/.m2/repository/org/codehaus/jackson/jackson-xc/1.5.5/jackson-xc-1.5.5.jar:/Users/terto/.m2/repository/com/sun/jersey/jersey-server/1.4/jersey-server-1.4.jar:/Users/terto/.m2/repository/javax/ws/rs/jsr311-api/1.1.1/jsr311-api-1.1.1.jar:/Users/terto/.m2/repository/javax/xml/bind/jaxb-api/2.1/jaxb-api-2.1.jar:/Users/terto/.m2/repository/javax/activation/activation/1.1/activation-1.1.jar:/Users/terto/.m2/repository/stax/stax-api/1.0.1/stax-api-1.0.1.jar:/Users/terto/.m2/repository/socialcore/commons-resources/0.2.12/commons-resources-0.2.12.jar:/Users/terto/.m2/repository/com/ning/async-http-client/1.6.5/async-http-client-1.6.5.jar:/Users/terto/.m2/repository/org/jboss/netty/netty/3.2.5.Final/netty-3.2.5.Final.jar:/Users/terto/.m2/repository/com/google/code/gson/gson/1.7.1/gson-1.7.1.jar:/Users/terto/.m2/repository/com/newrelic/newrelic/2.3.1/newrelic-2.3.1.jar
 30/05/2012 - 17:28:14 [org.apache.zookeeper.ZooKeeper] INFO - Client environment:java.library.path=.:/Library/Java/Extensions:/System/Library/Java/Extensions:/usr/lib/java
 30/05/2012 - 17:28:14 [org.apache.zookeeper.ZooKeeper] INFO - Client environment:java.io.tmpdir=/var/folders/YA/YAWJr1PwEMW4knTt-3k7u++++TQ/-Tmp-/
 30/05/2012 - 17:28:14 [org.apache.zookeeper.ZooKeeper] INFO - Client environment:java.compiler=<NA>
 30/05/2012 - 17:28:14 [org.apache.zookeeper.ZooKeeper] INFO - Client environment:os.name=Mac OS X
 30/05/2012 - 17:28:14 [org.apache.zookeeper.ZooKeeper] INFO - Client environment:os.arch=x86_64
 30/05/2012 - 17:28:14 [org.apache.zookeeper.ZooKeeper] INFO - Client environment:os.version=10.6.8
 30/05/2012 - 17:28:14 [org.apache.zookeeper.ZooKeeper] INFO - Client environment:user.name=terto
 30/05/2012 - 17:28:14 [org.apache.zookeeper.ZooKeeper] INFO - Client environment:user.home=/Users/terto
 30/05/2012 - 17:28:14 [org.apache.zookeeper.ZooKeeper] INFO - Client environment:user.dir=/Users/terto/Development/Workspace/hbase-book/socialcore
 30/05/2012 - 17:28:14 [org.apache.zookeeper.ZooKeeper] INFO - Initiating client connection, connectString=localhost:2181 sessionTimeout=180000 watcher=hconnection
 30/05/2012 - 17:28:14 [org.apache.zookeeper.ClientCnxn] INFO - Opening socket connection to server localhost/fe80:0:0:0:0:0:0:1%1:2181
 30/05/2012 - 17:28:14 [org.apache.zookeeper.ClientCnxn] INFO - Socket connection established to localhost/fe80:0:0:0:0:0:0:1%1:2181, initiating session
 30/05/2012 - 17:28:14 [org.apache.zookeeper.ClientCnxn] INFO - Session establishment complete on server localhost/fe80:0:0:0:0:0:0:1%1:2181, sessionid = 0x1379f6f0d080005, negotiated timeout = 40000
 30/05/2012 - 17:28:16 [org.apache.hadoop.ipc.HbaseRPC] INFO - Server at 10.170.80.220/10.170.80.220:64798 could not be reached after 1 tries, giving up.
 30/05/2012 - 17:29:01 [org.springframework.context.annotation.AnnotationConfigApplicationContext] INFO - Refreshing org.springframework.context.annotation.AnnotationConfigApplicationContext@244aeb52: startup date [Wed May 30 17:29:01 BRT 2012]; root of context hierarchy
 30/05/2012 - 17:29:01 [org.springframework.beans.factory.support.DefaultListableBeanFactory] INFO - Pre-instantiating singletons in org.springframework.beans.factory.support.DefaultListableBeanFactory@65b60280: defining beans [org.springframework.context.annotation.internalConfigurationAnnotationProcessor,org.springframework.context.annotation.internalAutowiredAnnotationProcessor,org.springframework.context.annotation.internalRequiredAnnotationProcessor,org.springframework.context.annotation.internalCommonAnnotationProcessor,activityManagerContext,validator,propertyPlaceholderConfigurer,presenceValidator,aapgUserValidator,resourceTypeValidator,embebbedValidator,hBaseConfiguration,hTablePool,hbaseFactoryTable,hBaseModelBuilder,hBaseTableServides,recordHBase]; root of factory hierarchy
 30/05/2012 - 17:29:01 [org.apache.zookeeper.ZooKeeper] INFO - Client environment:zookeeper.version=3.3.2-1031432, built on 11/05/2010 05:32 GMT
 30/05/2012 - 17:29:01 [org.apache.zookeeper.ZooKeeper] INFO - Client environment:host.name=10.170.80.220
 30/05/2012 - 17:29:01 [org.apache.zookeeper.ZooKeeper] INFO - Client environment:java.version=1.6.0_26
 30/05/2012 - 17:29:01 [org.apache.zookeeper.ZooKeeper] INFO - Client environment:java.vendor=Apple Inc.
 30/05/2012 - 17:29:01 [org.apache.zookeeper.ZooKeeper] INFO - Client environment:java.home=/System/Library/Java/JavaVirtualMachines/1.6.0.jdk/Contents/Home
 30/05/2012 - 17:29:01 [org.apache.zookeeper.ZooKeeper] INFO - Client environment:java.class.path=/Users/terto/Development/Workspace/hbase-book/socialcore/target/classes:/Users/terto/Development/Workspace/commons-activitymanager/target/classes:/Users/terto/.m2/repository/commons-lang/commons-lang/2.5/commons-lang-2.5.jar:/Users/terto/.m2/repository/junit/junit/4.9/junit-4.9.jar:/Users/terto/.m2/repository/org/hamcrest/hamcrest-core/1.1/hamcrest-core-1.1.jar:/Users/terto/.m2/repository/org/jyaml/jyaml/1.3/jyaml-1.3.jar:/Users/terto/.m2/repository/org/springframework/spring-core/3.0.6.RELEASE/spring-core-3.0.6.RELEASE.jar:/Users/terto/.m2/repository/org/springframework/spring-asm/3.0.6.RELEASE/spring-asm-3.0.6.RELEASE.jar:/Users/terto/.m2/repository/commons-logging/commons-logging/1.1.1/commons-logging-1.1.1.jar:/Users/terto/.m2/repository/org/springframework/spring-context/3.0.6.RELEASE/spring-context-3.0.6.RELEASE.jar:/Users/terto/.m2/repository/org/springframework/spring-aop/3.0.6.RELEASE/spring-aop-3.0.6.RELEASE.jar:/Users/terto/.m2/repository/aopalliance/aopalliance/1.0/aopalliance-1.0.jar:/Users/terto/.m2/repository/org/springframework/spring-beans/3.0.6.RELEASE/spring-beans-3.0.6.RELEASE.jar:/Users/terto/.m2/repository/org/springframework/spring-expression/3.0.6.RELEASE/spring-expression-3.0.6.RELEASE.jar:/Users/terto/.m2/repository/cglib/cglib/2.2.2/cglib-2.2.2.jar:/Users/terto/.m2/repository/asm/asm/3.3.1/asm-3.3.1.jar:/Users/terto/.m2/repository/org/apache/hbase/hbase/0.90.4/hbase-0.90.4.jar:/Users/terto/.m2/repository/com/google/guava/guava/r06/guava-r06.jar:/Users/terto/.m2/repository/commons-cli/commons-cli/1.2/commons-cli-1.2.jar:/Users/terto/.m2/repository/commons-codec/commons-codec/1.4/commons-codec-1.4.jar:/Users/terto/.m2/repository/commons-httpclient/commons-httpclient/3.1/commons-httpclient-3.1.jar:/Users/terto/.m2/repository/log4j/log4j/1.2.16/log4j-1.2.16.jar:/Users/terto/.m2/repository/org/apache/hadoop/avro/1.3.3/avro-1.3.3.jar:/Users/terto/.m2/repository/org/codehaus/jackson/jackson-mapper-asl/1.4.2/jackson-mapper-asl-1.4.2.jar:/Users/terto/.m2/repository/org/apache/hadoop/hadoop-core/0.20-append-r1056497/hadoop-core-0.20-append-r1056497.jar:/Users/terto/.m2/repository/xmlenc/xmlenc/0.52/xmlenc-0.52.jar:/Users/terto/.m2/repository/commons-net/commons-net/1.4.1/commons-net-1.4.1.jar:/Users/terto/.m2/repository/commons-el/commons-el/1.0/commons-el-1.0.jar:/Users/terto/.m2/repository/org/apache/zookeeper/zookeeper/3.3.2/zookeeper-3.3.2.jar:/Users/terto/.m2/repository/org/apache/thrift/thrift/0.2.0/thrift-0.2.0.jar:/Users/terto/.m2/repository/org/jruby/jruby-complete/1.6.0/jruby-complete-1.6.0.jar:/Users/terto/.m2/repository/org/mortbay/jetty/jetty/6.1.26/jetty-6.1.26.jar:/Users/terto/.m2/repository/org/mortbay/jetty/jetty-util/6.1.26/jetty-util-6.1.26.jar:/Users/terto/.m2/repository/org/mortbay/jetty/jsp-2.1/6.1.14/jsp-2.1-6.1.14.jar:/Users/terto/.m2/repository/org/mortbay/jetty/jsp-api-2.1/6.1.14/jsp-api-2.1-6.1.14.jar:/Users/terto/.m2/repository/org/mortbay/jetty/servlet-api-2.5/6.1.14/servlet-api-2.5-6.1.14.jar:/Users/terto/.m2/repository/org/slf4j/slf4j-api/1.5.8/slf4j-api-1.5.8.jar:/Users/terto/.m2/repository/org/slf4j/slf4j-log4j12/1.5.8/slf4j-log4j12-1.5.8.jar:/Users/terto/.m2/repository/tomcat/jasper-compiler/5.5.23/jasper-compiler-5.5.23.jar:/Users/terto/.m2/repository/tomcat/jasper-runtime/5.5.23/jasper-runtime-5.5.23.jar:/Users/terto/.m2/repository/com/google/protobuf/protobuf-java/2.3.0/protobuf-java-2.3.0.jar:/Users/terto/.m2/repository/com/sun/jersey/jersey-core/1.4/jersey-core-1.4.jar:/Users/terto/.m2/repository/com/sun/jersey/jersey-json/1.4/jersey-json-1.4.jar:/Users/terto/.m2/repository/org/codehaus/jettison/jettison/1.1/jettison-1.1.jar:/Users/terto/.m2/repository/com/sun/xml/bind/jaxb-impl/2.1.12/jaxb-impl-2.1.12.jar:/Users/terto/.m2/repository/org/codehaus/jackson/jackson-core-asl/1.5.5/jackson-core-asl-1.5.5.jar:/Users/terto/.m2/repository/org/codehaus/jackson/jackson-jaxrs/1.5.5/jackson-jaxrs-1.5.5.jar:/Users/terto/.m2/repository/org/codehaus/jackson/jackson-xc/1.5.5/jackson-xc-1.5.5.jar:/Users/terto/.m2/repository/com/sun/jersey/jersey-server/1.4/jersey-server-1.4.jar:/Users/terto/.m2/repository/javax/ws/rs/jsr311-api/1.1.1/jsr311-api-1.1.1.jar:/Users/terto/.m2/repository/javax/xml/bind/jaxb-api/2.1/jaxb-api-2.1.jar:/Users/terto/.m2/repository/javax/activation/activation/1.1/activation-1.1.jar:/Users/terto/.m2/repository/stax/stax-api/1.0.1/stax-api-1.0.1.jar:/Users/terto/.m2/repository/socialcore/commons-resources/0.2.12/commons-resources-0.2.12.jar:/Users/terto/.m2/repository/com/ning/async-http-client/1.6.5/async-http-client-1.6.5.jar:/Users/terto/.m2/repository/org/jboss/netty/netty/3.2.5.Final/netty-3.2.5.Final.jar:/Users/terto/.m2/repository/com/google/code/gson/gson/1.7.1/gson-1.7.1.jar:/Users/terto/.m2/repository/com/newrelic/newrelic/2.3.1/newrelic-2.3.1.jar
 30/05/2012 - 17:29:01 [org.apache.zookeeper.ZooKeeper] INFO - Client environment:java.library.path=.:/Library/Java/Extensions:/System/Library/Java/Extensions:/usr/lib/java
 30/05/2012 - 17:29:01 [org.apache.zookeeper.ZooKeeper] INFO - Client environment:java.io.tmpdir=/var/folders/YA/YAWJr1PwEMW4knTt-3k7u++++TQ/-Tmp-/
 30/05/2012 - 17:29:01 [org.apache.zookeeper.ZooKeeper] INFO - Client environment:java.compiler=<NA>
 30/05/2012 - 17:29:01 [org.apache.zookeeper.ZooKeeper] INFO - Client environment:os.name=Mac OS X
 30/05/2012 - 17:29:01 [org.apache.zookeeper.ZooKeeper] INFO - Client environment:os.arch=x86_64
 30/05/2012 - 17:29:01 [org.apache.zookeeper.ZooKeeper] INFO - Client environment:os.version=10.6.8
 30/05/2012 - 17:29:01 [org.apache.zookeeper.ZooKeeper] INFO - Client environment:user.name=terto
 30/05/2012 - 17:29:01 [org.apache.zookeeper.ZooKeeper] INFO - Client environment:user.home=/Users/terto
 30/05/2012 - 17:29:01 [org.apache.zookeeper.ZooKeeper] INFO - Client environment:user.dir=/Users/terto/Development/Workspace/hbase-book/socialcore
 30/05/2012 - 17:29:01 [org.apache.zookeeper.ZooKeeper] INFO - Initiating client connection, connectString=localhost:2181 sessionTimeout=180000 watcher=hconnection
 30/05/2012 - 17:29:01 [org.apache.zookeeper.ClientCnxn] INFO - Opening socket connection to server localhost/0:0:0:0:0:0:0:1:2181
 30/05/2012 - 17:29:01 [org.apache.zookeeper.ClientCnxn] INFO - Socket connection established to localhost/0:0:0:0:0:0:0:1:2181, initiating session
 30/05/2012 - 17:29:01 [org.apache.zookeeper.ClientCnxn] INFO - Session establishment complete on server localhost/0:0:0:0:0:0:0:1:2181, sessionid = 0x1379f6f0d080006, negotiated timeout = 40000
 04/06/2012 - 10:56:03 [org.apache.zookeeper.ZooKeeper] INFO - Client environment:zookeeper.version=3.3.2-1031432, built on 11/05/2010 05:32 GMT
 04/06/2012 - 10:56:03 [org.apache.zookeeper.ZooKeeper] INFO - Client environment:host.name=10.170.80.220
 04/06/2012 - 10:56:03 [org.apache.zookeeper.ZooKeeper] INFO - Client environment:java.version=1.6.0_26
 04/06/2012 - 10:56:03 [org.apache.zookeeper.ZooKeeper] INFO - Client environment:java.vendor=Apple Inc.
 04/06/2012 - 10:56:03 [org.apache.zookeeper.ZooKeeper] INFO - Client environment:java.home=/System/Library/Java/JavaVirtualMachines/1.6.0.jdk/Contents/Home
 04/06/2012 - 10:56:03 [org.apache.zookeeper.ZooKeeper] INFO - Client environment:java.class.path=/Users/terto/Development/Workspace/hbase-book/socialcore/target/classes:/Users/terto/.m2/repository/com/googlecode/json-simple/json-simple/1.1/json-simple-1.1.jar:/Users/terto/Development/Workspace/commons-activitymanager/target/classes:/Users/terto/.m2/repository/commons-lang/commons-lang/2.5/commons-lang-2.5.jar:/Users/terto/.m2/repository/junit/junit/4.9/junit-4.9.jar:/Users/terto/.m2/repository/org/hamcrest/hamcrest-core/1.1/hamcrest-core-1.1.jar:/Users/terto/.m2/repository/org/jyaml/jyaml/1.3/jyaml-1.3.jar:/Users/terto/.m2/repository/org/springframework/spring-core/3.0.6.RELEASE/spring-core-3.0.6.RELEASE.jar:/Users/terto/.m2/repository/org/springframework/spring-asm/3.0.6.RELEASE/spring-asm-3.0.6.RELEASE.jar:/Users/terto/.m2/repository/commons-logging/commons-logging/1.1.1/commons-logging-1.1.1.jar:/Users/terto/.m2/repository/org/springframework/spring-context/3.0.6.RELEASE/spring-context-3.0.6.RELEASE.jar:/Users/terto/.m2/repository/org/springframework/spring-aop/3.0.6.RELEASE/spring-aop-3.0.6.RELEASE.jar:/Users/terto/.m2/repository/aopalliance/aopalliance/1.0/aopalliance-1.0.jar:/Users/terto/.m2/repository/org/springframework/spring-beans/3.0.6.RELEASE/spring-beans-3.0.6.RELEASE.jar:/Users/terto/.m2/repository/org/springframework/spring-expression/3.0.6.RELEASE/spring-expression-3.0.6.RELEASE.jar:/Users/terto/.m2/repository/cglib/cglib/2.2.2/cglib-2.2.2.jar:/Users/terto/.m2/repository/asm/asm/3.3.1/asm-3.3.1.jar:/Users/terto/.m2/repository/org/apache/hbase/hbase/0.90.4/hbase-0.90.4.jar:/Users/terto/.m2/repository/com/google/guava/guava/r06/guava-r06.jar:/Users/terto/.m2/repository/commons-cli/commons-cli/1.2/commons-cli-1.2.jar:/Users/terto/.m2/repository/commons-codec/commons-codec/1.4/commons-codec-1.4.jar:/Users/terto/.m2/repository/commons-httpclient/commons-httpclient/3.1/commons-httpclient-3.1.jar:/Users/terto/.m2/repository/log4j/log4j/1.2.16/log4j-1.2.16.jar:/Users/terto/.m2/repository/org/apache/hadoop/avro/1.3.3/avro-1.3.3.jar:/Users/terto/.m2/repository/org/codehaus/jackson/jackson-mapper-asl/1.4.2/jackson-mapper-asl-1.4.2.jar:/Users/terto/.m2/repository/org/apache/hadoop/hadoop-core/0.20-append-r1056497/hadoop-core-0.20-append-r1056497.jar:/Users/terto/.m2/repository/xmlenc/xmlenc/0.52/xmlenc-0.52.jar:/Users/terto/.m2/repository/commons-net/commons-net/1.4.1/commons-net-1.4.1.jar:/Users/terto/.m2/repository/commons-el/commons-el/1.0/commons-el-1.0.jar:/Users/terto/.m2/repository/org/apache/zookeeper/zookeeper/3.3.2/zookeeper-3.3.2.jar:/Users/terto/.m2/repository/org/apache/thrift/thrift/0.2.0/thrift-0.2.0.jar:/Users/terto/.m2/repository/org/jruby/jruby-complete/1.6.0/jruby-complete-1.6.0.jar:/Users/terto/.m2/repository/org/mortbay/jetty/jetty/6.1.26/jetty-6.1.26.jar:/Users/terto/.m2/repository/org/mortbay/jetty/jetty-util/6.1.26/jetty-util-6.1.26.jar:/Users/terto/.m2/repository/org/mortbay/jetty/jsp-2.1/6.1.14/jsp-2.1-6.1.14.jar:/Users/terto/.m2/repository/org/mortbay/jetty/jsp-api-2.1/6.1.14/jsp-api-2.1-6.1.14.jar:/Users/terto/.m2/repository/org/mortbay/jetty/servlet-api-2.5/6.1.14/servlet-api-2.5-6.1.14.jar:/Users/terto/.m2/repository/org/slf4j/slf4j-api/1.5.8/slf4j-api-1.5.8.jar:/Users/terto/.m2/repository/org/slf4j/slf4j-log4j12/1.5.8/slf4j-log4j12-1.5.8.jar:/Users/terto/.m2/repository/tomcat/jasper-compiler/5.5.23/jasper-compiler-5.5.23.jar:/Users/terto/.m2/repository/tomcat/jasper-runtime/5.5.23/jasper-runtime-5.5.23.jar:/Users/terto/.m2/repository/com/google/protobuf/protobuf-java/2.3.0/protobuf-java-2.3.0.jar:/Users/terto/.m2/repository/com/sun/jersey/jersey-core/1.4/jersey-core-1.4.jar:/Users/terto/.m2/repository/com/sun/jersey/jersey-json/1.4/jersey-json-1.4.jar:/Users/terto/.m2/repository/org/codehaus/jettison/jettison/1.1/jettison-1.1.jar:/Users/terto/.m2/repository/com/sun/xml/bind/jaxb-impl/2.1.12/jaxb-impl-2.1.12.jar:/Users/terto/.m2/repository/org/codehaus/jackson/jackson-core-asl/1.5.5/jackson-core-asl-1.5.5.jar:/Users/terto/.m2/repository/org/codehaus/jackson/jackson-jaxrs/1.5.5/jackson-jaxrs-1.5.5.jar:/Users/terto/.m2/repository/org/codehaus/jackson/jackson-xc/1.5.5/jackson-xc-1.5.5.jar:/Users/terto/.m2/repository/com/sun/jersey/jersey-server/1.4/jersey-server-1.4.jar:/Users/terto/.m2/repository/javax/ws/rs/jsr311-api/1.1.1/jsr311-api-1.1.1.jar:/Users/terto/.m2/repository/javax/xml/bind/jaxb-api/2.1/jaxb-api-2.1.jar:/Users/terto/.m2/repository/javax/activation/activation/1.1/activation-1.1.jar:/Users/terto/.m2/repository/stax/stax-api/1.0.1/stax-api-1.0.1.jar:/Users/terto/.m2/repository/socialcore/commons-resources/0.2.12/commons-resources-0.2.12.jar:/Users/terto/.m2/repository/com/ning/async-http-client/1.6.5/async-http-client-1.6.5.jar:/Users/terto/.m2/repository/org/jboss/netty/netty/3.2.5.Final/netty-3.2.5.Final.jar:/Users/terto/.m2/repository/com/google/code/gson/gson/1.7.1/gson-1.7.1.jar:/Users/terto/.m2/repository/com/newrelic/newrelic/2.3.1/newrelic-2.3.1.jar
 04/06/2012 - 10:56:03 [org.apache.zookeeper.ZooKeeper] INFO - Client environment:java.library.path=.:/Library/Java/Extensions:/System/Library/Java/Extensions:/usr/lib/java
 04/06/2012 - 10:56:03 [org.apache.zookeeper.ZooKeeper] INFO - Client environment:java.io.tmpdir=/var/folders/YA/YAWJr1PwEMW4knTt-3k7u++++TQ/-Tmp-/
 04/06/2012 - 10:56:03 [org.apache.zookeeper.ZooKeeper] INFO - Client environment:java.compiler=<NA>
 04/06/2012 - 10:56:03 [org.apache.zookeeper.ZooKeeper] INFO - Client environment:os.name=Mac OS X
 04/06/2012 - 10:56:03 [org.apache.zookeeper.ZooKeeper] INFO - Client environment:os.arch=x86_64
 04/06/2012 - 10:56:03 [org.apache.zookeeper.ZooKeeper] INFO - Client environment:os.version=10.6.8
 04/06/2012 - 10:56:03 [org.apache.zookeeper.ZooKeeper] INFO - Client environment:user.name=terto
 04/06/2012 - 10:56:03 [org.apache.zookeeper.ZooKeeper] INFO - Client environment:user.home=/Users/terto
 04/06/2012 - 10:56:03 [org.apache.zookeeper.ZooKeeper] INFO - Client environment:user.dir=/Users/terto/Development/Workspace/hbase-book/socialcore
 04/06/2012 - 10:56:03 [org.apache.zookeeper.ZooKeeper] INFO - Initiating client connection, connectString=localhost:2181 sessionTimeout=180000 watcher=hconnection
 04/06/2012 - 10:56:03 [org.apache.zookeeper.ClientCnxn] INFO - Opening socket connection to server localhost/0:0:0:0:0:0:0:1:2181
 04/06/2012 - 10:56:03 [org.apache.zookeeper.ClientCnxn] INFO - Socket connection established to localhost/0:0:0:0:0:0:0:1:2181, initiating session
 04/06/2012 - 10:56:03 [org.apache.zookeeper.ClientCnxn] INFO - Session establishment complete on server localhost/0:0:0:0:0:0:0:1:2181, sessionid = 0x137b7c7b9630005, negotiated timeout = 40000
 04/06/2012 - 10:56:04 [org.apache.hadoop.hbase.client.HBaseAdmin] INFO - Started disable of atividades
 04/06/2012 - 10:56:05 [org.apache.hadoop.hbase.client.HBaseAdmin] INFO - Disabled atividades
 04/06/2012 - 10:56:06 [org.apache.hadoop.hbase.client.HBaseAdmin] INFO - Deleted atividades
 04/06/2012 - 10:56:07 [org.springframework.context.annotation.AnnotationConfigApplicationContext] INFO - Refreshing org.springframework.context.annotation.AnnotationConfigApplicationContext@57ac3379: startup date [Mon Jun 04 10:56:07 BRT 2012]; root of context hierarchy
 04/06/2012 - 10:56:08 [org.springframework.beans.factory.support.DefaultListableBeanFactory] INFO - Pre-instantiating singletons in org.springframework.beans.factory.support.DefaultListableBeanFactory@7cf01771: defining beans [org.springframework.context.annotation.internalConfigurationAnnotationProcessor,org.springframework.context.annotation.internalAutowiredAnnotationProcessor,org.springframework.context.annotation.internalRequiredAnnotationProcessor,org.springframework.context.annotation.internalCommonAnnotationProcessor,activityManagerContext,validator,propertyPlaceholderConfigurer,presenceValidator,aapgUserValidator,resourceTypeValidator,embebbedValidator,hBaseConfiguration,hTablePool,hbaseFactoryTable,hBaseModelBuilder,hBaseTableServides,recordHBase]; root of factory hierarchy
 04/06/2012 - 10:56:08 [org.apache.zookeeper.ZooKeeper] INFO - Initiating client connection, connectString=localhost:2181 sessionTimeout=180000 watcher=hconnection
 04/06/2012 - 10:56:08 [org.apache.zookeeper.ClientCnxn] INFO - Opening socket connection to server localhost/127.0.0.1:2181
 04/06/2012 - 10:56:08 [org.apache.zookeeper.ClientCnxn] INFO - Socket connection established to localhost/127.0.0.1:2181, initiating session
 04/06/2012 - 10:56:08 [org.apache.zookeeper.ClientCnxn] INFO - Session establishment complete on server localhost/127.0.0.1:2181, sessionid = 0x137b7c7b9630006, negotiated timeout = 40000
 04/06/2012 - 10:56:11 [org.apache.hadoop.ipc.HbaseRPC] INFO - Server at 192.168.1.101/192.168.1.101:56456 could not be reached after 1 tries, giving up.
 04/06/2012 - 10:56:15 [org.apache.hadoop.ipc.HbaseRPC] INFO - Server at 192.168.1.101/192.168.1.101:56456 could not be reached after 1 tries, giving up.
 04/06/2012 - 10:56:19 [org.apache.hadoop.ipc.HbaseRPC] INFO - Server at 192.168.1.101/192.168.1.101:56456 could not be reached after 1 tries, giving up.
 04/06/2012 - 10:56:22 [org.apache.zookeeper.ZooKeeper] INFO - Initiating client connection, connectString=localhost:2181 sessionTimeout=180000 watcher=hconnection
 04/06/2012 - 10:56:22 [org.apache.zookeeper.ClientCnxn] INFO - Opening socket connection to server localhost/0:0:0:0:0:0:0:1:2181
 04/06/2012 - 10:56:22 [org.apache.zookeeper.ClientCnxn] INFO - Socket connection established to localhost/0:0:0:0:0:0:0:1:2181, initiating session
 04/06/2012 - 10:56:22 [org.apache.zookeeper.ClientCnxn] INFO - Session establishment complete on server localhost/0:0:0:0:0:0:0:1:2181, sessionid = 0x137b7c7b9630007, negotiated timeout = 40000
 